# JRE version: OpenJDK Runtime Environment (11.0.11+9) (build 11.0.11+9-b60-7590822)
# Java VM: OpenJDK 64-Bit Server VM (11.0.11+9-b60-7590822, mixed mode, tiered, compressed oops, g1 gc, windows-amd64)
Heap:
 garbage-first heap   total 187392K, used 111600K [0x0000000083800000, 0x0000000100000000)
  region size 1024K, 64 young (65536K), 6 survivors (6144K)
 Metaspace       used 73862K, capacity 74602K, committed 74832K, reserved 1116160K
  class space    used 8133K, capacity 8422K, committed 8448K, reserved 1048576K
GC Heap History (18 events):
Event: 0.550 GC heap before
{Heap before GC invocations=0 (full 0):
 garbage-first heap   total 129024K, used 17408K [0x0000000083800000, 0x0000000100000000)
  region size 1024K, 14 young (14336K), 0 survivors (0K)
 Metaspace       used 9816K, capacity 9938K, committed 10112K, reserved 1058816K
  class space    used 840K, capacity 885K, committed 896K, reserved 1048576K
}
Event: 0.554 GC heap after
{Heap after GC invocations=1 (full 0):
 garbage-first heap   total 129024K, used 5235K [0x0000000083800000, 0x0000000100000000)
  region size 1024K, 2 young (2048K), 2 survivors (2048K)
 Metaspace       used 9816K, capacity 9938K, committed 10112K, reserved 1058816K
  class space    used 840K, capacity 885K, committed 896K, reserved 1048576K
}
Event: 1.488 GC heap before
{Heap before GC invocations=1 (full 0):
 garbage-first heap   total 129024K, used 50291K [0x0000000083800000, 0x0000000100000000)
  region size 1024K, 47 young (48128K), 2 survivors (2048K)
 Metaspace       used 20889K, capacity 21087K, committed 21296K, reserved 1069056K
  class space    used 2214K, capacity 2312K, committed 2432K, reserved 1048576K
}
Event: 1.501 GC heap after
{Heap after GC invocations=2 (full 0):
 garbage-first heap   total 129024K, used 9159K [0x0000000083800000, 0x0000000100000000)
  region size 1024K, 6 young (6144K), 6 survivors (6144K)
 Metaspace       used 20889K, capacity 21087K, committed 21296K, reserved 1069056K
  class space    used 2214K, capacity 2312K, committed 2432K, reserved 1048576K
}
Event: 2.645 GC heap before
{Heap before GC invocations=3 (full 0):
 garbage-first heap   total 129024K, used 61383K [0x0000000083800000, 0x0000000100000000)
  region size 1024K, 52 young (53248K), 6 survivors (6144K)
 Metaspace       used 32348K, capacity 32758K, committed 32816K, reserved 1077248K
  class space    used 4050K, capacity 4214K, committed 4224K, reserved 1048576K
}
Event: 2.665 GC heap after
{Heap after GC invocations=4 (full 0):
 garbage-first heap   total 129024K, used 20530K [0x0000000083800000, 0x0000000100000000)
  region size 1024K, 7 young (7168K), 7 survivors (7168K)
 Metaspace       used 32348K, capacity 32758K, committed 32816K, reserved 1077248K
  class space    used 4050K, capacity 4214K, committed 4224K, reserved 1048576K
}
Event: 2.959 GC heap before
{Heap before GC invocations=4 (full 0):
 garbage-first heap   total 129024K, used 33842K [0x0000000083800000, 0x0000000100000000)
  region size 1024K, 21 young (21504K), 7 survivors (7168K)
 Metaspace       used 35356K, capacity 35778K, committed 35920K, reserved 1081344K
  class space    used 4372K, capacity 4538K, committed 4608K, reserved 1048576K
}
Event: 2.974 GC heap after
{Heap after GC invocations=5 (full 0):
 garbage-first heap   total 129024K, used 22112K [0x0000000083800000, 0x0000000100000000)
  region size 1024K, 2 young (2048K), 2 survivors (2048K)
 Metaspace       used 35356K, capacity 35778K, committed 35920K, reserved 1081344K
  class space    used 4372K, capacity 4538K, committed 4608K, reserved 1048576K
}
Event: 4.452 GC heap before
{Heap before GC invocations=6 (full 0):
 garbage-first heap   total 129024K, used 79456K [0x0000000083800000, 0x0000000100000000)
  region size 1024K, 57 young (58368K), 2 survivors (2048K)
 Metaspace       used 46555K, capacity 47065K, committed 47312K, reserved 1091584K
  class space    used 5504K, capacity 5713K, committed 5760K, reserved 1048576K
}
Event: 4.466 GC heap after
{Heap after GC invocations=7 (full 0):
 garbage-first heap   total 155648K, used 27538K [0x0000000083800000, 0x0000000100000000)
  region size 1024K, 7 young (7168K), 7 survivors (7168K)
 Metaspace       used 46555K, capacity 47065K, committed 47312K, reserved 1091584K
  class space    used 5504K, capacity 5713K, committed 5760K, reserved 1048576K
}
Event: 6.323 GC heap before
{Heap before GC invocations=7 (full 0):
 garbage-first heap   total 155648K, used 99218K [0x0000000083800000, 0x0000000100000000)
  region size 1024K, 77 young (78848K), 7 survivors (7168K)
 Metaspace       used 50585K, capacity 51111K, committed 51152K, reserved 1095680K
  class space    used 5774K, capacity 5990K, committed 6016K, reserved 1048576K
}
Event: 6.351 GC heap after
{Heap after GC invocations=8 (full 0):
 garbage-first heap   total 155648K, used 37691K [0x0000000083800000, 0x0000000100000000)
  region size 1024K, 10 young (10240K), 10 survivors (10240K)
 Metaspace       used 50585K, capacity 51111K, committed 51152K, reserved 1095680K
  class space    used 5774K, capacity 5990K, committed 6016K, reserved 1048576K
}
Event: 8.306 GC heap before
{Heap before GC invocations=8 (full 0):
 garbage-first heap   total 155648K, used 110395K [0x0000000083800000, 0x0000000100000000)
  region size 1024K, 81 young (82944K), 10 survivors (10240K)
 Metaspace       used 57562K, capacity 58223K, committed 58320K, reserved 1101824K
  class space    used 6481K, capacity 6711K, committed 6784K, reserved 1048576K
}
Event: 8.341 GC heap after
{Heap after GC invocations=9 (full 0):
 garbage-first heap   total 155648K, used 47310K [0x0000000083800000, 0x0000000100000000)
  region size 1024K, 10 young (10240K), 10 survivors (10240K)
 Metaspace       used 57562K, capacity 58223K, committed 58320K, reserved 1101824K
  class space    used 6481K, capacity 6711K, committed 6784K, reserved 1048576K
}
Event: 8.508 GC heap before
{Heap before GC invocations=9 (full 0):
 garbage-first heap   total 155648K, used 52430K [0x0000000083800000, 0x0000000100000000)
  region size 1024K, 16 young (16384K), 10 survivors (10240K)
 Metaspace       used 59558K, capacity 60185K, committed 60296K, reserved 1103872K
  class space    used 6702K, capacity 6981K, committed 7040K, reserved 1048576K
}
Event: 8.527 GC heap after
{Heap after GC invocations=10 (full 0):
 garbage-first heap   total 155648K, used 49152K [0x0000000083800000, 0x0000000100000000)
  region size 1024K, 2 young (2048K), 2 survivors (2048K)
 Metaspace       used 59558K, capacity 60185K, committed 60296K, reserved 1103872K
  class space    used 6702K, capacity 6981K, committed 7040K, reserved 1048576K
}
Event: 10.180 GC heap before
{Heap before GC invocations=11 (full 0):
 garbage-first heap   total 155648K, used 118784K [0x0000000083800000, 0x0000000100000000)
  region size 1024K, 70 young (71680K), 2 survivors (2048K)
 Metaspace       used 69259K, capacity 70014K, committed 70096K, reserved 1112064K
  class space    used 7708K, capacity 8002K, committed 8064K, reserved 1048576K
}
Event: 10.206 GC heap after
{Heap after GC invocations=12 (full 0):
 garbage-first heap   total 187392K, used 53744K [0x0000000083800000, 0x0000000100000000)
  region size 1024K, 6 young (6144K), 6 survivors (6144K)
 Metaspace       used 69259K, capacity 70014K, committed 70096K, reserved 1112064K
  class space    used 7708K, capacity 8002K, committed 8064K, reserved 1048576K
}

