# JRE version: OpenJDK Runtime Environment (11.0.11+9) (build 11.0.11+9-b60-7590822)
# Java VM: OpenJDK 64-Bit Server VM (11.0.11+9-b60-7590822, mixed mode, tiered, compressed oops, g1 gc, windows-amd64)
Heap:
 garbage-first heap   total 468992K, used 351309K [0x0000000080000000, 0x0000000100000000)
  region size 1024K, 108 young (110592K), 3 survivors (3072K)
 Metaspace       used 149815K, capacity 154244K, committed 154480K, reserved 1183744K
  class space    used 18880K, capacity 20480K, committed 20556K, reserved 1048576K
GC Heap History (20 events):
Event: 4304.178 GC heap before
{Heap before GC invocations=84 (full 0):
 garbage-first heap   total 270336K, used 220630K [0x0000000080000000, 0x0000000100000000)
  region size 1024K, 45 young (46080K), 8 survivors (8192K)
 Metaspace       used 143208K, capacity 146862K, committed 146928K, reserved 1177600K
  class space    used 18047K, capacity 19394K, committed 19404K, reserved 1048576K
}
Event: 4304.226 GC heap after
{Heap after GC invocations=85 (full 0):
 garbage-first heap   total 270336K, used 201261K [0x0000000080000000, 0x0000000100000000)
  region size 1024K, 6 young (6144K), 6 survivors (6144K)
 Metaspace       used 143208K, capacity 146862K, committed 146928K, reserved 1177600K
  class space    used 18047K, capacity 19394K, committed 19404K, reserved 1048576K
}
Event: 4304.336 GC heap before
{Heap before GC invocations=85 (full 0):
 garbage-first heap   total 270336K, used 223789K [0x0000000080000000, 0x0000000100000000)
  region size 1024K, 28 young (28672K), 6 survivors (6144K)
 Metaspace       used 143233K, capacity 146865K, committed 146928K, reserved 1177600K
  class space    used 18047K, capacity 19394K, committed 19404K, reserved 1048576K
}
Event: 4304.367 GC heap after
{Heap after GC invocations=86 (full 0):
 garbage-first heap   total 270336K, used 213504K [0x0000000080000000, 0x0000000100000000)
  region size 1024K, 4 young (4096K), 4 survivors (4096K)
 Metaspace       used 143233K, capacity 146865K, committed 146928K, reserved 1177600K
  class space    used 18047K, capacity 19394K, committed 19404K, reserved 1048576K
}
Event: 4304.601 GC heap before
{Heap before GC invocations=86 (full 0):
 garbage-first heap   total 270336K, used 226816K [0x0000000080000000, 0x0000000100000000)
  region size 1024K, 18 young (18432K), 4 survivors (4096K)
 Metaspace       used 143274K, capacity 146929K, committed 147184K, reserved 1177600K
  class space    used 18047K, capacity 19394K, committed 19404K, reserved 1048576K
}
Event: 4304.622 GC heap after
{Heap after GC invocations=87 (full 0):
 garbage-first heap   total 400384K, used 222208K [0x0000000080000000, 0x0000000100000000)
  region size 1024K, 3 young (3072K), 3 survivors (3072K)
 Metaspace       used 143274K, capacity 146929K, committed 147184K, reserved 1177600K
  class space    used 18047K, capacity 19394K, committed 19404K, reserved 1048576K
}
Event: 4305.514 GC heap before
{Heap before GC invocations=88 (full 0):
 garbage-first heap   total 400384K, used 280576K [0x0000000080000000, 0x0000000100000000)
  region size 1024K, 60 young (61440K), 3 survivors (3072K)
 Metaspace       used 143828K, capacity 147634K, committed 147824K, reserved 1177600K
  class space    used 18122K, capacity 19531K, committed 19532K, reserved 1048576K
}
Event: 4305.552 GC heap after
{Heap after GC invocations=89 (full 0):
 garbage-first heap   total 400384K, used 235986K [0x0000000080000000, 0x0000000100000000)
  region size 1024K, 8 young (8192K), 8 survivors (8192K)
 Metaspace       used 143828K, capacity 147634K, committed 147824K, reserved 1177600K
  class space    used 18122K, capacity 19531K, committed 19532K, reserved 1048576K
}
Event: 4305.845 GC heap before
{Heap before GC invocations=89 (full 0):
 garbage-first heap   total 400384K, used 265682K [0x0000000080000000, 0x0000000100000000)
  region size 1024K, 38 young (38912K), 8 survivors (8192K)
 Metaspace       used 143979K, capacity 147798K, committed 147952K, reserved 1177600K
  class space    used 18126K, capacity 19536K, committed 19660K, reserved 1048576K
}
Event: 4305.865 GC heap after
{Heap after GC invocations=90 (full 0):
 garbage-first heap   total 400384K, used 239960K [0x0000000080000000, 0x0000000100000000)
  region size 1024K, 4 young (4096K), 4 survivors (4096K)
 Metaspace       used 143979K, capacity 147798K, committed 147952K, reserved 1177600K
  class space    used 18126K, capacity 19536K, committed 19660K, reserved 1048576K
}
Event: 4306.939 GC heap before
{Heap before GC invocations=91 (full 0):
 garbage-first heap   total 400384K, used 290136K [0x0000000080000000, 0x0000000100000000)
  region size 1024K, 56 young (57344K), 4 survivors (4096K)
 Metaspace       used 144224K, capacity 147994K, committed 148208K, reserved 1177600K
  class space    used 18142K, capacity 19534K, committed 19660K, reserved 1048576K
}
Event: 4306.971 GC heap after
{Heap after GC invocations=92 (full 0):
 garbage-first heap   total 400384K, used 241658K [0x0000000080000000, 0x0000000100000000)
  region size 1024K, 7 young (7168K), 7 survivors (7168K)
 Metaspace       used 144224K, capacity 147994K, committed 148208K, reserved 1177600K
  class space    used 18142K, capacity 19534K, committed 19660K, reserved 1048576K
}
Event: 4307.049 GC heap before
{Heap before GC invocations=92 (full 0):
 garbage-first heap   total 400384K, used 257018K [0x0000000080000000, 0x0000000100000000)
  region size 1024K, 19 young (19456K), 7 survivors (7168K)
 Metaspace       used 144316K, capacity 148058K, committed 148208K, reserved 1177600K
  class space    used 18144K, capacity 19534K, committed 19660K, reserved 1048576K
}
Event: 4307.078 GC heap after
{Heap after GC invocations=93 (full 0):
 garbage-first heap   total 468992K, used 238049K [0x0000000080000000, 0x0000000100000000)
  region size 1024K, 1 young (1024K), 1 survivors (1024K)
 Metaspace       used 144316K, capacity 148058K, committed 148208K, reserved 1177600K
  class space    used 18144K, capacity 19534K, committed 19660K, reserved 1048576K
}
Event: 4307.407 GC heap before
{Heap before GC invocations=93 (full 0):
 garbage-first heap   total 468992K, used 263649K [0x0000000080000000, 0x0000000100000000)
  region size 1024K, 28 young (28672K), 1 survivors (1024K)
 Metaspace       used 144672K, capacity 148431K, committed 148464K, reserved 1177600K
  class space    used 18197K, capacity 19635K, committed 19660K, reserved 1048576K
}
Event: 4307.417 GC heap after
{Heap after GC invocations=94 (full 0):
 garbage-first heap   total 468992K, used 238535K [0x0000000080000000, 0x0000000100000000)
  region size 1024K, 2 young (2048K), 2 survivors (2048K)
 Metaspace       used 144672K, capacity 148431K, committed 148464K, reserved 1177600K
  class space    used 18197K, capacity 19635K, committed 19660K, reserved 1048576K
}
Event: 4308.373 GC heap before
{Heap before GC invocations=95 (full 0):
 garbage-first heap   total 468992K, used 325575K [0x0000000080000000, 0x0000000100000000)
  region size 1024K, 79 young (80896K), 2 survivors (2048K)
 Metaspace       used 144983K, capacity 148760K, committed 148976K, reserved 1179648K
  class space    used 18219K, capacity 19647K, committed 19660K, reserved 1048576K
}
Event: 4308.389 GC heap after
{Heap after GC invocations=96 (full 0):
 garbage-first heap   total 468992K, used 259018K [0x0000000080000000, 0x0000000100000000)
  region size 1024K, 12 young (12288K), 12 survivors (12288K)
 Metaspace       used 144983K, capacity 148760K, committed 148976K, reserved 1179648K
  class space    used 18219K, capacity 19647K, committed 19660K, reserved 1048576K
}
Event: 4353.268 GC heap before
{Heap before GC invocations=97 (full 0):
 garbage-first heap   total 468992K, used 358346K [0x0000000080000000, 0x0000000100000000)
  region size 1024K, 102 young (104448K), 12 survivors (12288K)
 Metaspace       used 147872K, capacity 152062K, committed 152176K, reserved 1181696K
  class space    used 18653K, capacity 20209K, committed 20300K, reserved 1048576K
}
Event: 4353.281 GC heap after
{Heap after GC invocations=98 (full 0):
 garbage-first heap   total 468992K, used 245837K [0x0000000080000000, 0x0000000100000000)
  region size 1024K, 3 young (3072K), 3 survivors (3072K)
 Metaspace       used 147872K, capacity 152062K, committed 152176K, reserved 1181696K
  class space    used 18653K, capacity 20209K, committed 20300K, reserved 1048576K
}

